[    0.000000] Linux version 4.15.0-163-generic (buildd@lcy01-amd64-021) (gcc version 7.5.0 (Ubuntu 7.5.0-3ubuntu1~18.04)) #171-Ubuntu SMP Fri Nov 5 11:55:11 UTC 2021 (Ubuntu 4.15.0-163.171-generic 4.15.18)
[    0.000000] Command line: BOOT_IMAGE=/boot/vmlinuz-4.15.0-163-generic root=LABEL=cloudimg-rootfs ro console=tty1 console=ttyS0
[    0.000000] KERNEL supported cpus:
[    0.000000]   Intel GenuineIntel
[    0.000000]   AMD AuthenticAMD
[    0.000000]   Centaur CentaurHauls
[    0.000000] [Firmware Bug]: TSC doesn't count with P0 frequency!
[    0.000000] x86/fpu: Supporting XSAVE feature 0x001: 'x87 floating point registers'
[    0.000000] x86/fpu: Supporting XSAVE feature 0x002: 'SSE registers'
[    0.000000] x86/fpu: Supporting XSAVE feature 0x004: 'AVX registers'
[    0.000000] x86/fpu: xstate_offset[2]:  576, xstate_sizes[2]:  256
[    0.000000] x86/fpu: Enabled xstate features 0x7, context size is 832 bytes, using 'standard' format.
[    0.000000] e820: BIOS-provided physical RAM map:
[    0.000000] BIOS-e820: [mem 0x0000000000000000-0x000000000009fbff] usable
[    0.000000] BIOS-e820: [mem 0x000000000009fc00-0x000000000009ffff] reserved
[    0.000000] BIOS-e820: [mem 0x00000000000f0000-0x00000000000fffff] reserved
[    0.000000] BIOS-e820: [mem 0x0000000000100000-0x00000000bb7effff] usable
[    0.000000] BIOS-e820: [mem 0x00000000bb7f0000-0x00000000bb7fffff] ACPI data
[    0.000000] BIOS-e820: [mem 0x00000000fec00000-0x00000000fec00fff] reserved
[    0.000000] BIOS-e820: [mem 0x00000000fee00000-0x00000000fee00fff] reserved
[    0.000000] BIOS-e820: [mem 0x00000000fffc0000-0x00000000ffffffff] reserved
[    0.000000] NX (Execute Disable) protection: active
[    0.000000] SMBIOS 2.5 present.
[    0.000000] DMI: innotek GmbH VirtualBox/VirtualBox, BIOS VirtualBox 12/01/2006
[    0.000000] Hypervisor detected: KVM
[    0.000000] e820: last_pfn = 0xbb7f0 max_arch_pfn = 0x400000000
[    0.000000] MTRR: Disabled
[    0.000000] x86/PAT: MTRRs disabled, skipping PAT initialization too.
[    0.000000] CPU MTRRs all blank - virtualized system.
[    0.000000] x86/PAT: Configuration [0-7]: WB  WT  UC- UC  WB  WT  UC- UC  
[    0.000000] found SMP MP-table at [mem 0x0009fff0-0x0009ffff]
[    0.000000] Scanning 1 areas for low memory corruption
[    0.000000] RAMDISK: [mem 0x359cd000-0x36cddfff]
[    0.000000] ACPI: Early table checksum verification disabled
[    0.000000] ACPI: RSDP 0x00000000000E0000 000024 (v02 VBOX  )
[    0.000000] ACPI: XSDT 0x00000000BB7F0030 00003C (v01 VBOX   VBOXXSDT 00000001 ASL  00000061)
[    0.000000] ACPI: FACP 0x00000000BB7F00F0 0000F4 (v04 VBOX   VBOXFACP 00000001 ASL  00000061)
[    0.000000] ACPI: DSDT 0x00000000BB7F0480 002325 (v02 VBOX   VBOXBIOS 00000002 INTL 20211217)
[    0.000000] ACPI: FACS 0x00000000BB7F0200 000040
[    0.000000] ACPI: FACS 0x00000000BB7F0200 000040
[    0.000000] ACPI: APIC 0x00000000BB7F0240 00006C (v02 VBOX   VBOXAPIC 00000001 ASL  00000061)
[    0.000000] ACPI: SSDT 0x00000000BB7F02B0 0001CC (v01 VBOX   VBOXCPUT 00000002 INTL 20211217)
[    0.000000] ACPI: Reserving FACP table memory at [mem 0xbb7f00f0-0xbb7f01e3]
[    0.000000] ACPI: Reserving DSDT table memory at [mem 0xbb7f0480-0xbb7f27a4]
[    0.000000] ACPI: Reserving FACS table memory at [mem 0xbb7f0200-0xbb7f023f]
[    0.000000] ACPI: Reserving FACS table memory at [mem 0xbb7f0200-0xbb7f023f]
[    0.000000] ACPI: Reserving APIC table memory at [mem 0xbb7f0240-0xbb7f02ab]
[    0.000000] ACPI: Reserving SSDT table memory at [mem 0xbb7f02b0-0xbb7f047b]
[    0.000000] No NUMA configuration found
[    0.000000] Faking a node at [mem 0x0000000000000000-0x00000000bb7effff]
[    0.000000] NODE_DATA(0) allocated [mem 0xbb7c5000-0xbb7effff]
[    0.000000] kvm-clock: cpu 0, msr 0:bb744001, primary cpu clock
[    0.000000] kvm-clock: Using msrs 4b564d01 and 4b564d00
[    0.000000] kvm-clock: using sched offset of 3578242417 cycles
[    0.000000] clocksource: kvm-clock: mask: 0xffffffffffffffff max_cycles: 0x1cd42e4dffb, max_idle_ns: 881590591483 ns
[    0.000000] Zone ranges:
[    0.000000]   DMA      [mem 0x0000000000001000-0x0000000000ffffff]
[    0.000000]   DMA32    [mem 0x0000000001000000-0x00000000bb7effff]
[    0.000000]   Normal   empty
[    0.000000]   Device   empty
[    0.000000] Movable zone start for each node
[    0.000000] Early memory node ranges
[    0.000000]   node   0: [mem 0x0000000000001000-0x000000000009efff]
[    0.000000]   node   0: [mem 0x0000000000100000-0x00000000bb7effff]
[    0.000000] Reserved but unavailable: 104 pages
[    0.000000] Initmem setup node 0 [mem 0x0000000000001000-0x00000000bb7effff]
[    0.000000] ACPI: PM-Timer IO Port: 0x4008
[    0.000000] IOAPIC[0]: apic_id 4, version 32, address 0xfec00000, GSI 0-23
[    0.000000] ACPI: INT_SRC_OVR (bus 0 bus_irq 0 global_irq 2 dfl dfl)
[    0.000000] ACPI: INT_SRC_OVR (bus 0 bus_irq 9 global_irq 9 low level)
[    0.000000] Using ACPI (MADT) for SMP configuration information
[    0.000000] smpboot: Allowing 4 CPUs, 0 hotplug CPUs
[    0.000000] PM: Registered nosave memory: [mem 0x00000000-0x00000fff]
[    0.000000] PM: Registered nosave memory: [mem 0x0009f000-0x0009ffff]
[    0.000000] PM: Registered nosave memory: [mem 0x000a0000-0x000effff]
[    0.000000] PM: Registered nosave memory: [mem 0x000f0000-0x000fffff]
[    0.000000] e820: [mem 0xbb800000-0xfebfffff] available for PCI devices
[    0.000000] Booting paravirtualized kernel on KVM
[    0.000000] clocksource: refined-jiffies: mask: 0xffffffff max_cycles: 0xffffffff, max_idle_ns: 7645519600211568 ns
[    0.000000] random: get_random_bytes called from start_kernel+0x99/0x500 with crng_init=0
[    0.000000] setup_percpu: NR_CPUS:8192 nr_cpumask_bits:4 nr_cpu_ids:4 nr_node_ids:1
[    0.000000] percpu: Embedded 45 pages/cpu s147456 r8192 d28672 u524288
[    0.000000] PV qspinlock hash table entries: 256 (order: 0, 4096 bytes)
[    0.000000] Built 1 zonelists, mobility grouping on.  Total pages: 755865
[    0.000000] Policy zone: DMA32
[    0.000000] Kernel command line: BOOT_IMAGE=/boot/vmlinuz-4.15.0-163-generic root=LABEL=cloudimg-rootfs ro console=tty1 console=ttyS0
[    0.000000] Memory: 2973008K/3071544K available (12300K kernel code, 2483K rwdata, 4320K rodata, 2448K init, 2724K bss, 98536K reserved, 0K cma-reserved)
[    0.000000] SLUB: HWalign=64, Order=0-3, MinObjects=0, CPUs=4, Nodes=1
[    0.000000] ftrace: allocating 39476 entries in 155 pages
[    0.004000] Hierarchical RCU implementation.
[    0.004000] 	RCU restricting CPUs from NR_CPUS=8192 to nr_cpu_ids=4.
[    0.004000] 	Tasks RCU enabled.
[    0.004000] RCU: Adjusting geometry for rcu_fanout_leaf=16, nr_cpu_ids=4
[    0.004000] NR_IRQS: 524544, nr_irqs: 456, preallocated irqs: 16
[    0.004000] Console: colour VGA+ 80x25
[    0.004000] console [tty1] enabled
[    0.004000] console [ttyS0] enabled
[    0.004000] ACPI: Core revision 20170831
[    0.004000] ACPI: 2 ACPI AML tables successfully acquired and loaded
[    0.004000] APIC: Switch to symmetric I/O mode setup
[    0.004000] x2apic enabled
[    0.004000] Switched APIC routing to physical x2apic.
[    0.004000] ..TIMER: vector=0x30 apic1=0 pin1=2 apic2=-1 pin2=-1
[    0.004000] tsc: Detected 3593.248 MHz processor
[    0.004000] Calibrating delay loop (skipped) preset value.. 7186.49 BogoMIPS (lpj=14372992)
[    0.004000] pid_max: default: 32768 minimum: 301
[    0.004000] Security Framework initialized
[    0.004000] Yama: becoming mindful.
[    0.004000] AppArmor: AppArmor initialized
[    0.004079] Dentry cache hash table entries: 524288 (order: 10, 4194304 bytes)
[    0.005358] Inode-cache hash table entries: 262144 (order: 9, 2097152 bytes)
[    0.006140] Mount-cache hash table entries: 8192 (order: 4, 65536 bytes)
[    0.008006] Mountpoint-cache hash table entries: 8192 (order: 4, 65536 bytes)
[    0.008940] Last level iTLB entries: 4KB 1024, 2MB 1024, 4MB 512
[    0.009575] Last level dTLB entries: 4KB 2048, 2MB 2048, 4MB 1024, 1GB 0
[    0.010293] Spectre V1 : Mitigation: usercopy/swapgs barriers and __user pointer sanitization
[    0.012002] Spectre V2 : Spectre mitigation: LFENCE not serializing, switching to generic retpoline
[    0.012989] Spectre V2 : Mitigation: Full generic retpoline
[    0.013589] Spectre V2 : Spectre v2 / SpectreRSB mitigation: Filling RSB on context switch
[    0.014477] Speculative Store Bypass: Mitigation: Speculative Store Bypass disabled via prctl and seccomp
[    0.016138] Freeing SMP alternatives memory: 36K
[    0.127584] smpboot: CPU0: AMD Ryzen 5 3600 6-Core Processor (family: 0x17, model: 0x71, stepping: 0x0)
[    0.128000] Performance Events: PMU not available due to virtualization, using software events only.
[    0.128000] Hierarchical SRCU implementation.
[    0.128000] NMI watchdog: Perf event create on CPU 0 failed with -2
[    0.128000] NMI watchdog: Perf NMI watchdog permanently disabled
[    0.128040] smp: Bringing up secondary CPUs ...
[    0.129010] x86: Booting SMP configuration:
[    0.129451] .... node  #0, CPUs:      #1
[    0.004000] kvm-clock: cpu 1, msr 0:bb744041, secondary cpu clock
[    0.132054]  #2
[    0.004000] kvm-clock: cpu 2, msr 0:bb744081, secondary cpu clock
[    0.134832]  #3
[    0.004000] kvm-clock: cpu 3, msr 0:bb7440c1, secondary cpu clock
[    0.138528] smp: Brought up 1 node, 4 CPUs
[    0.138528] smpboot: Max logical packages: 1
[    0.138528] smpboot: Total of 4 processors activated (28745.98 BogoMIPS)
[    0.140123] devtmpfs: initialized
[    0.140398] x86/mm: Memory block size: 128MB
[    0.141002] evm: security.selinux
[    0.141359] evm: security.SMACK64
[    0.141701] evm: security.SMACK64EXEC
[    0.142086] evm: security.SMACK64TRANSMUTE
[    0.142501] evm: security.SMACK64MMAP
[    0.142877] evm: security.apparmor
[    0.143231] evm: security.ima
[    0.143542] evm: security.capability
[    0.144045] clocksource: jiffies: mask: 0xffffffff max_cycles: 0xffffffff, max_idle_ns: 7645041785100000 ns
[    0.144995] futex hash table entries: 1024 (order: 4, 65536 bytes)
[    0.145632] pinctrl core: initialized pinctrl subsystem
[    0.146213] RTC time: 13:04:36, date: 04/27/22
[    0.146791] NET: Registered protocol family 16
[    0.147284] audit: initializing netlink subsys (disabled)
[    0.148012] audit: type=2000 audit(1651064682.196:1): state=initialized audit_enabled=0 res=1
[    0.149081] cpuidle: using governor ladder
[    0.149081] cpuidle: using governor menu
[    0.149090] ACPI: bus type PCI registered
[    0.149090] acpiphp: ACPI Hot Plug PCI Controller Driver version: 0.5
[    0.149112] PCI: Using configuration type 1 for base access
[    0.149667] PCI: Using configuration type 1 for extended access
[    0.152637] HugeTLB registered 2.00 MiB page size, pre-allocated 0 pages
[    0.152671] ACPI: Added _OSI(Module Device)
[    0.152671] ACPI: Added _OSI(Processor Device)
[    0.152963] ACPI: Added _OSI(3.0 _SCP Extensions)
[    0.153433] ACPI: Added _OSI(Processor Aggregator Device)
[    0.153993] ACPI: Added _OSI(Linux-Dell-Video)
[    0.156005] ACPI: Added _OSI(Linux-Lenovo-NV-HDMI-Audio)
[    0.156531] ACPI: Added _OSI(Linux-HPI-Hybrid-Graphics)
[    0.157186] ACPI: Executed 1 blocks of module-level executable AML code
[    0.160279] ACPI: Interpreter enabled
[    0.160693] ACPI: (supports S0 S5)
[    0.161040] ACPI: Using IOAPIC for interrupt routing
[    0.161716] PCI: Using host bridge windows from ACPI; if necessary, use "pci=nocrs" and report a bug
[    0.162705] ACPI: Enabled 2 GPEs in block 00 to 07
[    0.166808] ACPI: PCI Root Bridge [PCI0] (domain 0000 [bus 00-ff])
[    0.167465] acpi PNP0A03:00: _OSC: OS supports [ExtendedConfig ASPM ClockPM Segments MSI]
[    0.168687] acpi PNP0A03:00: _OSC: platform does not support [PCIeCapability]
[    0.169744] acpi PNP0A03:00: _OSC: not requesting control; platform does not support [PCIeCapability]
[    0.170639] acpi PNP0A03:00: _OSC: OS requested [PCIeHotplug PME AER PCIeCapability]
[    0.171744] acpi PNP0A03:00: _OSC: platform willing to grant [PCIeHotplug PME AER]
[    0.172002] acpi PNP0A03:00: _OSC failed (AE_SUPPORT); disabling ASPM
[    0.172839] PCI host bridge to bus 0000:00
[    0.173256] pci_bus 0000:00: root bus resource [io  0x0000-0x0cf7 window]
[    0.173905] pci_bus 0000:00: root bus resource [io  0x0d00-0xffff window]
[    0.174556] pci_bus 0000:00: root bus resource [mem 0x000a0000-0x000bffff window]
[    0.175307] pci_bus 0000:00: root bus resource [mem 0xbb800000-0xfdffffff window]
[    0.176739] pci_bus 0000:00: root bus resource [bus 00-ff]
[    0.178055] pci 0000:00:01.1: legacy IDE quirk: reg 0x10: [io  0x01f0-0x01f7]
[    0.178758] pci 0000:00:01.1: legacy IDE quirk: reg 0x14: [io  0x03f6]
[    0.179414] pci 0000:00:01.1: legacy IDE quirk: reg 0x18: [io  0x0170-0x0177]
[    0.180001] pci 0000:00:01.1: legacy IDE quirk: reg 0x1c: [io  0x0376]
[    0.188255] pci 0000:00:07.0: quirk: [io  0x4000-0x403f] claimed by PIIX4 ACPI
[    0.189000] pci 0000:00:07.0: quirk: [io  0x4100-0x410f] claimed by PIIX4 SMB
[    0.192754] ACPI: PCI Interrupt Link [LNKA] (IRQs 5 9 10 *11)
[    0.193566] ACPI: PCI Interrupt Link [LNKB] (IRQs 5 9 *10 11)
[    0.194206] ACPI: PCI Interrupt Link [LNKC] (IRQs 5 *9 10 11)
[    0.194839] ACPI: PCI Interrupt Link [LNKD] (IRQs 5 9 10 *11)
[    0.196045] SCSI subsystem initialized
[    0.196479] pci 0000:00:02.0: vgaarb: setting as boot VGA device
[    0.196613] pci 0000:00:02.0: vgaarb: VGA device added: decodes=io+mem,owns=io+mem,locks=none
[    0.197515] pci 0000:00:02.0: vgaarb: bridge control possible
[    0.197515] vgaarb: loaded
[    0.197515] ACPI: bus type USB registered
[    0.197515] usbcore: registered new interface driver usbfs
[    0.197515] usbcore: registered new interface driver hub
[    0.197862] usbcore: registered new device driver usb
[    0.200026] EDAC MC: Ver: 3.0.0
[    0.200469] PCI: Using ACPI for IRQ routing
[    0.200585] NetLabel: Initializing
[    0.200990] NetLabel:  domain hash size = 128
[    0.201414] NetLabel:  protocols = UNLABELED CIPSOv4 CALIPSO
[    0.204015] NetLabel:  unlabeled traffic allowed by default
[    0.204564] clocksource: Switched to clocksource kvm-clock
[    0.212253] VFS: Disk quotas dquot_6.6.0
[    0.212253] VFS: Dquot-cache hash table entries: 512 (order 0, 4096 bytes)
[    0.212253] AppArmor: AppArmor Filesystem Enabled
[    0.212253] pnp: PnP ACPI init
[    0.212253] pnp: PnP ACPI: found 3 devices
[    0.222543] clocksource: acpi_pm: mask: 0xffffff max_cycles: 0xffffff, max_idle_ns: 2085701024 ns
[    0.223490] NET: Registered protocol family 2
[    0.224148] IP idents hash table entries: 65536 (order: 7, 524288 bytes)
[    0.225381] TCP established hash table entries: 32768 (order: 6, 262144 bytes)
[    0.226151] TCP bind hash table entries: 32768 (order: 7, 524288 bytes)
[    0.226832] TCP: Hash tables configured (established 32768 bind 32768)
[    0.227479] UDP hash table entries: 2048 (order: 4, 65536 bytes)
[    0.228085] UDP-Lite hash table entries: 2048 (order: 4, 65536 bytes)
[    0.228741] NET: Registered protocol family 1
[    0.229203] pci 0000:00:00.0: Limiting direct PCI/PCI transfers
[    0.229350] pci 0000:00:01.0: Activating ISA DMA hang workarounds
[    0.229350] pci 0000:00:02.0: Video device with shadowed ROM at [mem 0x000c0000-0x000dffff]
[    0.229350] Unpacking initramfs...
[    0.328089] Freeing initrd memory: 19524K
[    0.328089] clocksource: tsc: mask: 0xffffffffffffffff max_cycles: 0x33cb68e6ea4, max_idle_ns: 440795288133 ns
[    0.328089] platform rtc_cmos: registered platform RTC device (no PNP device found)
[    0.328089] Scanning for low memory corruption every 60 seconds
[    0.450125] Initialise system trusted keyrings
[    0.450629] Key type blacklist registered
[    0.451132] workingset: timestamp_bits=36 max_order=20 bucket_order=0
[    0.452395] zbud: loaded
[    0.453060] squashfs: version 4.0 (2009/01/31) Phillip Lougher
[    0.453764] fuse init (API version 7.26)
[    0.456101] Key type asymmetric registered
[    0.456522] Asymmetric key parser 'x509' registered
[    0.457023] Block layer SCSI generic (bsg) driver version 0.4 loaded (major 246)
[    0.457833] io scheduler noop registered
[    0.458252] io scheduler deadline registered
[    0.458718] io scheduler cfq registered (default)
[    0.459403] ACPI: AC Adapter [AC] (on-line)
[    0.460001] input: Power Button as /devices/LNXSYSTM:00/LNXPWRBN:00/input/input0
[    0.460868] ACPI: Power Button [PWRF]
[    0.461293] input: Sleep Button as /devices/LNXSYSTM:00/LNXSLPBN:00/input/input1
[    0.462064] ACPI: Sleep Button [SLPF]
[    0.463029] virtio-pci 0000:00:03.0: virtio_pci: leaving for legacy driver
[    0.464122] virtio-pci 0000:00:08.0: virtio_pci: leaving for legacy driver
[    0.464922] Serial: 8250/16550 driver, 32 ports, IRQ sharing enabled
[    0.485839] 00:02: ttyS0 at I/O 0x3f8 (irq = 4, base_baud = 115200) is a 16550A
[    0.487904] Linux agpgart interface v0.103
[    0.489367] loop: module loaded
[    0.490047] scsi host0: ata_piix
[    0.490509] scsi host1: ata_piix
[    0.490886] ata1: PATA max UDMA/33 cmd 0x1f0 ctl 0x3f6 bmdma 0xd000 irq 14
[    0.491572] ata2: PATA max UDMA/33 cmd 0x170 ctl 0x376 bmdma 0xd008 irq 15
[    0.492323] libphy: Fixed MDIO Bus: probed
[    0.492763] tun: Universal TUN/TAP device driver, 1.6
[    0.493325] PPP generic driver version 2.4.2
[    0.493802] ehci_hcd: USB 2.0 'Enhanced' Host Controller (EHCI) Driver
[    0.494520] ehci-pci: EHCI PCI platform driver
[    0.494983] ehci-platform: EHCI generic platform driver
[    0.495524] ohci_hcd: USB 1.1 'Open' Host Controller (OHCI) Driver
[    0.496149] ohci-pci: OHCI PCI platform driver
[    0.496632] ohci-platform: OHCI generic platform driver
[    0.497160] uhci_hcd: USB Universal Host Controller Interface driver
[    0.497834] i8042: PNP: PS/2 Controller [PNP0303:PS2K,PNP0f03:PS2M] at 0x60,0x64 irq 1,12
[    0.499003] serio: i8042 KBD port at 0x60,0x64 irq 1
[    0.499523] serio: i8042 AUX port at 0x60,0x64 irq 12
[    0.500104] mousedev: PS/2 mouse device common for all mice
[    0.500961] input: AT Translated Set 2 keyboard as /devices/platform/i8042/serio0/input/input2
[    0.501947] rtc_cmos rtc_cmos: rtc core: registered rtc_cmos as rtc0
[    0.502597] rtc_cmos rtc_cmos: alarms up to one day, 114 bytes nvram
[    0.503224] i2c /dev entries driver
[    0.503617] device-mapper: uevent: version 1.0.3
[    0.504151] device-mapper: ioctl: 4.37.0-ioctl (2017-09-20) initialised: dm-devel@redhat.com
[    0.505058] ledtrig-cpu: registered to indicate activity on CPUs
[    0.505905] NET: Registered protocol family 10
[    0.508477] Segment Routing with IPv6
[    0.508907] NET: Registered protocol family 17
[    0.509420] Key type dns_resolver registered
[    0.510001] mce: Using 0 MCE banks
[    0.510379] RAS: Correctable Errors collector initialized.
[    0.510938] sched_clock: Marking stable (509981498, 0)->(641266193, -131284695)
[    0.512025] registered taskstats version 1
[    0.512465] Loading compiled-in X.509 certificates
[    0.514207] Loaded X.509 cert 'Build time autogenerated kernel key: f60a4c8d126e94dbf36c5faa43fb49029eeea9a9'
[    0.515559] Loaded X.509 cert 'Canonical Ltd. Live Patch Signing: 14df34d1a87cf37625abec039ef2bf521249b969'
[    0.516907] Loaded X.509 cert 'Canonical Ltd. Kernel Module Signing: 88f752e560a1e0737e31163a466ad7b70a850c19'
[    0.517902] zswap: loaded using pool lzo/zbud
[    0.520237] Key type big_key registered
[    0.520661] Key type trusted registered
[    0.521944] Key type encrypted registered
[    0.522363] AppArmor: AppArmor sha1 policy hashing enabled
[    0.522912] ima: No TPM chip found, activating TPM-bypass! (rc=-19)
[    0.523526] ima: Allocated hash algorithm: sha1
[    0.523988] evm: HMAC attrs: 0x1
[    0.524464]   Magic number: 2:907:79
[    0.524918] rtc_cmos rtc_cmos: setting system clock to 2022-04-27 13:04:37 UTC (1651064677)
[    0.525825] BIOS EDD facility v0.16 2004-Jun-25, 0 devices found
[    0.526403] EDD information not available.
[    0.676098] Freeing unused kernel image memory: 2448K
[    0.688034] Write protecting the kernel read-only data: 20480k
[    0.689083] Freeing unused kernel image memory: 2008K
[    0.689859] Freeing unused kernel image memory: 1824K
[    0.696021] x86/mm: Checked W+X mappings: passed, no W+X pages found.
Loading, please wait...
starting version 237
[    0.727435] Fusion MPT base driver 3.04.20
[    0.727891] Copyright (c) 1999-2008 LSI Corporation
[    0.730821] Fusion MPT SPI Host driver 3.04.20
[    0.733576] AVX2 version of gcm_enc/dec engaged.
[    0.734101] AES CTR mode by8 optimization enabled
[    0.735194] mptbase: ioc0: Initiating bringup
[    0.745647] virtio_net virtio0 enp0s3: renamed from eth0
[    0.768105] virtio_net virtio1 enp0s8: renamed from eth1
[    0.848161] ioc0: LSI53C1030 A0: Capabilities={Initiator}
[    0.944837] input: ImExPS/2 Generic Explorer Mouse as /devices/platform/i8042/serio1/input/input4
[    1.088766] scsi host2: ioc0: LSI53C1030 A0, FwRev=00000000h, Ports=1, MaxQ=256, IRQ=20
[    2.361401] scsi 2:0:0:0: Direct-Access     VBOX     HARDDISK         1.0  PQ: 0 ANSI: 5
[    2.408028] scsi target2:0:0: Beginning Domain Validation
[    2.409466] scsi target2:0:0: Domain Validation skipping write tests
[    2.410333] scsi target2:0:0: Ending Domain Validation
[    2.411106] scsi target2:0:0: asynchronous
[    2.411990] scsi 2:0:1:0: Direct-Access     VBOX     HARDDISK         1.0  PQ: 0 ANSI: 5
[    2.845533] scsi target2:0:1: Beginning Domain Validation
[    2.846899] scsi target2:0:1: Domain Validation skipping write tests
[    2.847643] scsi target2:0:1: Ending Domain Validation
[    2.848325] scsi target2:0:1: asynchronous
[    2.852055] sd 2:0:0:0: Attached scsi generic sg0 type 0
[    2.852728] sd 2:0:0:0: [sda] 83886080 512-byte logical blocks: (42.9 GB/40.0 GiB)
[    2.853541] sd 2:0:1:0: Attached scsi generic sg1 type 0
[    2.854253] sd 2:0:0:0: [sda] Write Protect is off
[    2.855761] sd 2:0:1:0: [sdb] 20480 512-byte logical blocks: (10.5 MB/10.0 MiB)
[    2.855837] sd 2:0:0:0: [sda] Incomplete mode parameter data
[    2.857486] sd 2:0:0:0: [sda] Assuming drive cache: write through
[    2.857498] sd 2:0:1:0: [sdb] Write Protect is off
[    2.859282] sd 2:0:1:0: [sdb] Incomplete mode parameter data
[    2.860072] sd 2:0:1:0: [sdb] Assuming drive cache: write through
[    2.861347] random: fast init done
[    2.868206]  sda: sda1
[    2.869133] random: systemd-udevd: uninitialized urandom read (16 bytes read)
[    2.869594] sd 2:0:0:0: [sda] Attached SCSI disk
[    2.870251] random: systemd-udevd: uninitialized urandom read (16 bytes read)
[    2.871865] random: systemd-udevd: uninitialized urandom read (16 bytes read)
[    2.880893] sd 2:0:1:0: [sdb] Attached SCSI disk
Begin: Loading essential drivers ... [    4.196066] raid6: sse2x1   gen()  8103 MB/s
[    4.244058] raid6: sse2x1   xor()  8007 MB/s
[    4.292168] raid6: sse2x2   gen() 15594 MB/s
[    4.340158] raid6: sse2x2   xor() 11164 MB/s
[    4.388207] raid6: sse2x4   gen() 17887 MB/s
[    4.436049] raid6: sse2x4   xor() 10210 MB/s
[    4.484060] raid6: avx2x1   gen() 19085 MB/s
[    4.532049] raid6: avx2x1   xor() 14967 MB/s
[    4.580041] raid6: avx2x2   gen() 33096 MB/s
[    4.628074] raid6: avx2x2   xor() 20474 MB/s
[    4.676062] raid6: avx2x4   gen() 34648 MB/s
[    4.724050] raid6: avx2x4   xor() 17798 MB/s
[    4.724393] raid6: using algorithm avx2x4 gen() 34648 MB/s
[    4.724807] raid6: .... xor() 17798 MB/s, rmw enabled
[    4.725188] raid6: using avx2x2 recovery algorithm
[    4.726458] xor: automatically using best checksumming function   avx       
[    4.727810] async_tx: api initialized (async)
done.
Begin: Running /scripts/init-premount ... done.
Begin: Mounting root file system ... Begin: Running /scripts/local-top ... done.
Begin: Running /scripts/local-premount ... [    4.755750] Btrfs loaded, crc32c=crc32c-intel
Scanning for Btrfs filesystems
done.
Warning: fsck not present, so skipping root file system
[    4.784406] EXT4-fs (sda1): mounted filesystem with ordered data mode. Opts: (null)
done.
Begin: Running /scripts/local-bottom ... done.
Begin: Running /scripts/init-bottom ... done.
[    5.171090] ip_tables: (C) 2000-2006 Netfilter Core Team
[    5.215998] systemd[1]: systemd 237 running in system mode. (+PAM +AUDIT +SELINUX +IMA +APPARMOR +SMACK +SYSVINIT +UTMP +LIBCRYPTSETUP +GCRYPT +GNUTLS +ACL +XZ +LZ4 +SECCOMP +BLKID +ELFUTILS +KMOD -IDN2 +IDN -PCRE2 default-hierarchy=hybrid)
[    5.217556] systemd[1]: Detected virtualization oracle.
[    5.217965] systemd[1]: Detected architecture x86-64.

Welcome to [1mUbuntu 18.04.6 LTS[0m!

[    5.237664] systemd[1]: Set hostname to <ubuntu>.
[    5.251808] systemd[1]: Initializing machine ID from random generator.
[    5.252358] systemd[1]: Installed transient /etc/machine-id file.
[    6.512654] systemd[1]: Set up automount Arbitrary Executable File Formats File System Automount Point.
[[0;32m  OK  [0m] Set up automount Arbitrary Executab…rmats File System Automount Point.
[    6.513767] systemd[1]: Reached target System Time Synchronized.
[[0;32m  OK  [0m] Reached target System Time Synchronized.
[    6.514531] systemd[1]: Started Forward Password Requests to Wall Directory Watch.
[[0;32m  OK  [0m] Started Forward Password Requests to Wall Directory Watch.
[    6.515443] systemd[1]: Reached target User and Group Name Lookups.
[[0;32m  OK  [0m] Reached target User and Group Name Lookups.
[[0;32m  OK  [0m] Created slice User and Session Slice.
[[0;32m  OK  [0m] Created slice System Slice.
[[0;32m  OK  [0m] Listening on LVM2 poll daemon socket.
[[0;32m  OK  [0m] Listening on udev Control Socket.
[[0;32m  OK  [0m] Reached target Slices.
[[0;32m  OK  [0m] Listening on Device-mapper event daemon FIFOs.
[[0;32m  OK  [0m] Listening on Syslog Socket.
[[0;32m  OK  [0m] Listening on Journal Socket (/dev/log).
[[0;32m  OK  [0m] Listening on Journal Socket.
         Starting Create list of required st…ce nodes for the current kernel...
         Mounting Huge Pages File System...
         Mounting Kernel Debug File System...
         Starting Set the console keyboard layout...
[[0;32m  OK  [0m] Listening on LVM2 metadata daemon socket.
[[0;32m  OK  [0m] Listening on fsck to fsckd communication Socket.
         Starting File System Check on Root Device...
[[0;32m  OK  [0m] Listening on udev Kernel Socket.
         Starting udev Coldplug all Devices...
[[0;32m  OK  [0m] Listening on Journal Audit Socket.
         Starting Journal Service...
[[0;32m  OK  [0m] Listening on Network Service Netlink Socket.
         Starting Load Kernel Modules...
         Starting Monitoring of LVM2 mirrors…ng dmeventd or progress polling...
         Starting Uncomplicated firewall...
         Mounting POSIX Message Queue File System...
[[0;32m  OK  [0m] Reached target Swap.
[[0;32m  OK  [0m] Listening on /dev/initctl Compatibility Named Pipe.
[[0;32m  OK  [0m] Created slice system-serial\x2dgetty.slice.
[[0;32m  OK  [0m] Started Create list of required sta…vice nodes for the current kernel.
[[0;32m  OK  [0m] Started File System Check Daemon to report status.
         Starting Create Static Device Nodes in /dev...
[[0;32m  OK  [0m] Mounted Huge Pages File System.
[[0;32m  OK  [0m] Mounted Kernel Debug File System.
[[0;32m  OK  [0m] Mounted POSIX Message Queue File System.
[[0;32m  OK  [0m] Started Journal Service.
[[0;32m  OK  [0m] Started udev Coldplug all Devices.
[    6.988899] random: crng init done
[    6.989241] random: 7 urandom warning(s) missed due to ratelimiting
[[0;32m  OK  [0m] Started Uncomplicated firewall.
[[0;32m  OK  [0m] Started File System Check on Root Device.
         Starting Remount Root and Kernel File Systems...
[    7.107842] Loading iSCSI transport class v2.0-870.
[    7.119264] iscsi: registered transport (tcp)
[    7.138176] iscsi: registered transport (iser)
[[0;32m  OK  [0m] Started Load Kernel Modules.
         Mounting Kernel Configuration File System...
         Mounting FUSE Control File System...
         Starting Apply Kernel Variables...
[[0;32m  OK  [0m] Mounted Kernel Configuration File System.
[[0;32m  OK  [0m] Mounted FUSE Control File System.
[[0;32m  OK  [0m] Started Create Static Device Nodes in /dev.
[[0;32m  OK  [0m] Started Remount Root and Kernel File Systems.
         Starting Flush Journal to Persistent Storage...
         Starting Load/Save Random Seed...
         Starting udev Kernel Device Manager...
[[0;32m  OK  [0m] Started Set the console keyboard layout.
[[0;32m  OK  [0m] Started Apply Kernel Variables.
[[0;32m  OK  [0m] Started Load/Save Random Seed.
[[0;32m  OK  [0m] Started LVM2 metadata daemon.
[[0;32m  OK  [0m] Started udev Kernel Device Manager.
[[0;32m  OK  [0m] Started Dispatch Password Requests to Console Directory Watch.
[[0;32m  OK  [0m] Reached target Local Encrypted Volumes.
[[0;32m  OK  [0m] Started Monitoring of LVM2 mirrors,…sing dmeventd or progress polling.
[[0;32m  OK  [0m] Reached target Local File Systems (Pre).
[[0;32m  OK  [0m] Reached target Local File Systems.
         Starting Tell Plymouth To Write Out Runtime Data...
         Starting AppArmor initialization...
         Starting Commit a transient machine-id on disk...
         Starting Set console font and keymap...
         Starting ebtables ruleset management...
[[0;32m  OK  [0m] Started Flush Journal to Persistent Storage.
[[0;32m  OK  [0m] Found device /dev/ttyS0.
         Starting Create Volatile Files and Directories...
[[0;32m  OK  [0m] Started Tell Plymouth To Write Out Runtime Data.
[[0;32m  OK  [0m] Started Set console font and keymap.
[[0;32m  OK  [0m] Started Create Volatile Files and Directories.
         Starting Update UTMP about System Boot/Shutdown...
[[0;32m  OK  [0m] Started Update UTMP about System Boot/Shutdown.
[[0;32m  OK  [0m] Started Commit a transient machine-id on disk.
[[0;32m  OK  [0m] Listening on Load/Save RF Kill Switch Status /dev/rfkill Watch.
[[0;32m  OK  [0m] Started ebtables ruleset management.
[[0;32m  OK  [0m] Started AppArmor initialization.
         Starting Load AppArmor profiles managed internally by snapd...
         Starting Initial cloud-init job (pre-networking)...
[[0;32m  OK  [0m] Started Load AppArmor profiles managed internally by snapd.
[   10.484156] cloud-init[581]: Cloud-init v. 21.4-0ubuntu1~18.04.1 running 'init-local' at Wed, 27 Apr 2022 13:04:46 +0000. Up 9.85 seconds.
[[0;32m  OK  [0m] Started Initial cloud-init job (pre-networking).
[[0;32m  OK  [0m] Reached target Network (Pre).
         Starting Network Service...
[[0;32m  OK  [0m] Started Network Service.
         Starting Wait for Network to be Configured...
         Starting Network Name Resolution...
[[0;32m  OK  [0m] Started Network Name Resolution.
[[0;32m  OK  [0m] Reached target Host and Network Name Lookups.
[[0;32m  OK  [0m] Reached target Network.
[[0;32m  OK  [0m] Started Wait for Network to be Configured.
         Starting Initial cloud-init job (metadata service crawler)...
[   12.160646] cloud-init[701]: Cloud-init v. 21.4-0ubuntu1~18.04.1 running 'init' at Wed, 27 Apr 2022 13:04:49 +0000. Up 12.06 seconds.
[   12.161561] cloud-init[701]: ci-info: ++++++++++++++++++++++++++++++++++++++Net device info+++++++++++++++++++++++++++++++++++++++
[   12.162135] cloud-init[701]: ci-info: +--------+-------+----------------------------+---------------+--------+-------------------+
[   12.162753] cloud-init[701]: ci-info: | Device |   Up  |          Address           |      Mask     | Scope  |     Hw-Address    |
[   12.163201] cloud-init[701]: ci-info: +--------+-------+----------------------------+---------------+--------+-------------------+
[   12.163685] cloud-init[701]: ci-info: | enp0s3 |  True |         10.0.2.15          | 255.255.255.0 | global | 02:7d:29:b7:e5:bc |
[   12.164197] cloud-init[701]: ci-info: | enp0s3 |  True | fe80::7d:29ff:feb7:e5bc/64 |       .       |  link  | 02:7d:29:b7:e5:bc |
[   12.164740] cloud-init[701]: ci-info: | enp0s8 | False |             .              |       .       |   .    | 08:00:27:a7:60:77 |
[   12.165321] cloud-init[701]: ci-info: |   lo   |  True |         127.0.0.1          |   255.0.0.0   |  host  |         .         |
[   12.165884] cloud-init[701]: ci-info: |   lo   |  True |          ::1/128           |       .       |  host  |         .         |
[   12.166440] cloud-init[701]: ci-info: +--------+-------+----------------------------+---------------+--------+-------------------+
[   12.166998] cloud-init[701]: ci-info: ++++++++++++++++++++++++++++Route IPv4 info+++++++++++++++++++++++++++++
[   12.167494] cloud-init[701]: ci-info: +-------+-------------+----------+-----------------+-----------+-------+
[   12.168036] cloud-init[701]: ci-info: | Route | Destination | Gateway  |     Genmask     | Interface | Flags |
[   12.168646] cloud-init[701]: ci-info: +-------+-------------+----------+-----------------+-----------+-------+
[   12.169282] cloud-init[701]: ci-info: |   0   |   0.0.0.0   | 10.0.2.2 |     0.0.0.0     |   enp0s3  |   UG  |
[   12.169912] cloud-init[701]: ci-info: |   1   |   10.0.2.0  | 0.0.0.0  |  255.255.255.0  |   enp0s3  |   U   |
[   12.170520] cloud-init[701]: ci-info: |   2   |   10.0.2.2  | 0.0.0.0  | 255.255.255.255 |   enp0s3  |   UH  |
[   12.171079] cloud-init[701]: ci-info: +-------+-------------+----------+-----------------+-----------+-------+
[   12.171575] cloud-init[701]: ci-info: +++++++++++++++++++Route IPv6 info+++++++++++++++++++
[   12.172007] cloud-init[701]: ci-info: +-------+-------------+---------+-----------+-------+
[   12.172469] cloud-init[701]: ci-info: | Route | Destination | Gateway | Interface | Flags |
[   12.172927] cloud-init[701]: ci-info: +-------+-------------+---------+-----------+-------+
[   12.173378] cloud-init[701]: ci-info: |   1   |  fe80::/64  |    ::   |   enp0s3  |   U   |
[   12.173832] cloud-init[701]: ci-info: |   3   |    local    |    ::   |   enp0s3  |   U   |
[   12.174294] cloud-init[701]: ci-info: |   4   |   ff00::/8  |    ::   |   enp0s3  |   U   |
[   12.174707] cloud-init[701]: ci-info: +-------+-------------+---------+-----------+-------+
[   14.209206] cloud-init[701]: Generating public/private rsa key pair.
[   14.209685] cloud-init[701]: Your identification has been saved in /etc/ssh/ssh_host_rsa_key.
[   14.210178] cloud-init[701]: Your public key has been saved in /etc/ssh/ssh_host_rsa_key.pub.
[   14.210615] cloud-init[701]: The key fingerprint is:
[   14.210933] cloud-init[701]: SHA256:veuztNK5oK2jjxM5cOeSWGP5BVZvTF6HIX2UOeqbPks root@ubuntu-bionic
[   14.211380] cloud-init[701]: The key's randomart image is:
[   14.211708] cloud-init[701]: +---[RSA 2048]----+
[   14.212004] cloud-init[701]: |       .. o.o+oo |
[   14.212337] cloud-init[701]: |      o  = oo.=  |
[   14.212643] cloud-init[701]: |     o .  =  o . |
[   14.212952] cloud-init[701]: |  . * . .o  .    |
[   14.213257] cloud-init[701]: |   * B .S ..     |
[   14.213619] cloud-init[701]: |  . * o    ..    |
[   14.213984] cloud-init[701]: |     +  ..o.Eo   |
[   14.214369] cloud-init[701]: |    ...o.o+++    |
[   14.214783] cloud-init[701]: |    o++o.o*=oo   |
[   14.215196] cloud-init[701]: +----[SHA256]-----+
[   14.215581] cloud-init[701]: Generating public/private dsa key pair.
[   14.216082] cloud-init[701]: Your identification has been saved in /etc/ssh/ssh_host_dsa_key.
[   14.216612] cloud-init[701]: Your public key has been saved in /etc/ssh/ssh_host_dsa_key.pub.
[   14.217169] cloud-init[701]: The key fingerprint is:
[   14.217581] cloud-init[701]: SHA256:Y4Mo6/Pv+LkHjV4UjPEmenlLXDPYXKfvEP/98eEsTnI root@ubuntu-bionic
[   14.218138] cloud-init[701]: The key's randomart image is:
[   14.218608] cloud-init[701]: +---[DSA 1024]----+
[   14.218910] cloud-init[701]: |      .+    . .  |
[   14.219295] cloud-init[701]: |      ..o+ . o   |
[   14.219677] cloud-init[701]: |      . +.* o    |
[   14.220106] cloud-init[701]: |     o *.. o +   |
[   14.220485] cloud-init[701]: |  . o ++S   . o  |
[   14.220891] cloud-init[701]: |   o .o+o+   o ..|
[   14.221261] cloud-init[701]: |  .  . o.  . E.oo|
[   14.221781] cloud-init[701]: | ..  ....   +.o =|
[   14.222174] cloud-init[701]: |  .oo+*o    ...oo|
[   14.222557] cloud-init[701]: +----[SHA256]-----+
[   14.222937] cloud-init[701]: Generating public/private ecdsa key pair.
[   14.223433] cloud-init[701]: Your identification has been saved in /etc/ssh/ssh_host_ecdsa_key.
[   14.224135] cloud-init[701]: Your public key has been saved in /etc/ssh/ssh_host_ecdsa_key.pub.
[   14.224711] cloud-init[701]: The key fingerprint is:
[   14.225098] cloud-init[701]: SHA256:sZyR6PARBWwgZ/fThJOBIcO7d3kTPpx4o/Yg3mi7xWk root@ubuntu-bionic
[   14.225640] cloud-init[701]: The key's randomart image is:
[   14.226017] cloud-init[701]: +---[ECDSA 256]---+
[   14.226370] cloud-init[701]: |  ..*o==o+.      |
[   14.226725] cloud-init[701]: |   +.+++++       |
[   14.227086] cloud-init[701]: |    .oo *..      |
[   14.227447] cloud-init[701]: |    .+ o *.      |
[   14.227793] cloud-init[701]: |     .o S= o     |
[   14.228170] cloud-init[701]: |    . ..+.X      |
[   14.228446] cloud-init[701]: |     ...E+ +     |
[   14.228764] cloud-init[701]: |     ..*o.       |
[   14.229139] cloud-init[701]: |     .=+...      |
[   14.229509] cloud-init[701]: +----[SHA256]-----+
[   14.229858] cloud-init[701]: Generating public/private ed25519 key pair.
[   14.230298] cloud-init[701]: Your identification has been saved in /etc/ssh/ssh_host_ed25519_key.
[   14.230826] cloud-init[701]: Your public key has been saved in /etc/ssh/ssh_host_ed25519_key.pub.
[   14.231340] cloud-init[701]: The key fingerprint is:
[   14.231705] cloud-init[701]: SHA256:mGVRjht1cDkRQNAnrXZwEz/ZMGItPRB7Joj+MjiOQH4 root@ubuntu-bionic
[   14.232249] cloud-init[701]: The key's randomart image is:
[   14.232612] cloud-init[701]: +--[ED25519 256]--+
[   14.232981] cloud-init[701]: |        o=*+@Xo  |
[   14.233357] cloud-init[701]: |         *+=O++= |
[   14.233722] cloud-init[701]: |        * o*o+*..|
[   14.234084] cloud-init[701]: |       * oo .+ . |
[   14.234444] cloud-init[701]: |  .   o S. .     |
[   14.234775] cloud-init[701]: | o     . .       |
[   14.235201] cloud-init[701]: |  o E o o .      |
[   14.235533] cloud-init[701]: |   o o . o       |
[   14.235862] cloud-init[701]: |    . .          |
[   14.236214] cloud-init[701]: +----[SHA256]-----+
[[0;32m  OK  [0m] Started Initial cloud-init job (metadata service crawler).
[[0;32m  OK  [0m] Reached target Network is Online.
         Starting Availability of block devices...
[[0;32m  OK  [0m] Reached target Remote File Systems (Pre).
[[0;32m  OK  [0m] Reached target Remote File Systems.
[[0;32m  OK  [0m] Reached target System Initialization.
[[0;32m  OK  [0m] Started ACPI Events Check.
[[0;32m  OK  [0m] Started Ubuntu Advantage Timer for running repeated jobs.
         Starting LXD - unix socket.
[[0;32m  OK  [0m] Listening on Open-iSCSI iscsid Socket.
[[0;32m  OK  [0m] Listening on ACPID Listen Socket.
         Starting Socket activation for snappy daemon.
[[0;32m  OK  [0m] Listening on UUID daemon activation socket.
[[0;32m  OK  [0m] Started Daily apt download activities.
[[0;32m  OK  [0m] Started Daily apt upgrade and clean activities.
[[0;32m  OK  [0m] Listening on D-Bus System Message Bus Socket.
[[0;32m  OK  [0m] Listening on cloud-init hotplug hook socket.
[[0;32m  OK  [0m] Started Trigger to poll for Ubuntu …(Only enabled on GCP LTS non-pro).
[[0;32m  OK  [0m] Reached target Paths.
[[0;32m  OK  [0m] Started Message of the Day.
[[0;32m  OK  [0m] Started Discard unused blocks once a week.
[[0;32m  OK  [0m] Started Daily Cleanup of Temporary Directories.
[[0;32m  OK  [0m] Reached target Timers.
[[0;32m  OK  [0m] Reached target Cloud-config availability.
[[0;32m  OK  [0m] Started Availability of block devices.
[[0;32m  OK  [0m] Listening on LXD - unix socket.
[[0;32m  OK  [0m] Listening on Socket activation for snappy daemon.
[[0;32m  OK  [0m] Reached target Sockets.
[[0;32m  OK  [0m] Reached target Basic System.
[[0;32m  OK  [0m] Started irqbalance daemon.
         Starting Virtualbox guest utils...
         Starting Permit User Sessions...
[[0;32m  OK  [0m] Started D-Bus System Message Bus.
         Starting Login Service...
         Starting Pollinate to seed the pseudo random number generator...
         Starting System Logging Service...
[[0;32m  OK  [0m] Started Deferred execution scheduler.
[[0;32m  OK  [0m] Started Regular background program processing daemon.
[[0;32m  OK  [0m] Started FUSE filesystem for LXC.
         Starting Snap Daemon...
         Starting LSB: automatic crash report generation...
         Starting Dispatcher daemon for systemd-networkd...
         Starting LSB: Record successful boot for GRUB...
         Starting Accounts Service...
         Starting LXD - container startup/shutdown...
[[0;32m  OK  [0m] Started Permit User Sessions.
         Starting Terminate Plymouth Boot Screen...
         Starting Hold until boot process finishes up...
[[0;32m  OK  [0m] Started Hold until boot process finishes up.
[[0;32m  OK  [0m] Started Serial Getty on ttyS0.
         Starting Set console scheme...
[[0;32m  OK  [0m] Started Terminate Plymouth Boot Screen.
[[0;32m  OK  [0m] Started Login Service.
[[0;32m  OK  [0m] Started Unattended Upgrades Shutdown.
[[0;32m  OK  [0m] Started Set console scheme.
[[0;32m  OK  [0m] Created slice system-getty.slice.
[[0;32m  OK  [0m] Started Getty on tty1.
[[0;32m  OK  [0m] Reached target Login Prompts.
[[0;32m  OK  [0m] Started System Logging Service.
[[0;32m  OK  [0m] Started LSB: automatic crash report generation.
[[0;32m  OK  [0m] Started LSB: Record successful boot for GRUB.
[[0;32m  OK  [0m] Started Virtualbox guest utils.
         Starting Authorization Manager...
[[0;32m  OK  [0m] Started Authorization Manager.
[[0;32m  OK  [0m] Started Accounts Service.
[[0;32m  OK  [0m] Started LXD - container startup/shutdown.
[[0;32m  OK  [0m] Started Dispatcher daemon for systemd-networkd.
[[0;32m  OK  [0m] Started Snap Daemon.
         Starting Wait until snapd is fully seeded...
[[0;32m  OK  [0m] Started Pollinate to seed the pseudo random number generator.
         Starting OpenBSD Secure Shell server...
[[0;32m  OK  [0m] Started OpenBSD Secure Shell server.
[[0;32m  OK  [0m] Created slice User Slice of vagrant.
         Starting User Manager for UID 1000...
[[0;32m  OK  [0m] Started Session 1 of user vagrant.
[[0;32m  OK  [0m] Started User Manager for UID 1000.
[[0;32m  OK  [0m] Started Wait until snapd is fully seeded.
         Starting Apply the settings specified in cloud-config...
[[0;32m  OK  [0m] Reached target Multi-User System.
[[0;32m  OK  [0m] Reached target Graphical Interface.
         Starting Update UTMP about System Runlevel Changes...
[[0;32m  OK  [0m] Started Update UTMP about System Runlevel Changes.
[   20.850574] cloud-init[1354]: Cloud-init v. 21.4-0ubuntu1~18.04.1 running 'modules:config' at Wed, 27 Apr 2022 13:04:56 +0000. Up 19.19 seconds.

Ubuntu 18.04.6 LTS ubuntu-bionic ttyS0

ubuntu-bionic login: ci-info: no authorized SSH keys fingerprints found for user ubuntu.
<14>Apr 27 13:04:58 cloud-init: #############################################################
<14>Apr 27 13:04:58 cloud-init: -----BEGIN SSH HOST KEY FINGERPRINTS-----
<14>Apr 27 13:04:58 cloud-init: 1024 SHA256:Y4Mo6/Pv+LkHjV4UjPEmenlLXDPYXKfvEP/98eEsTnI root@ubuntu-bionic (DSA)
<14>Apr 27 13:04:58 cloud-init: 256 SHA256:sZyR6PARBWwgZ/fThJOBIcO7d3kTPpx4o/Yg3mi7xWk root@ubuntu-bionic (ECDSA)
<14>Apr 27 13:04:58 cloud-init: 256 SHA256:mGVRjht1cDkRQNAnrXZwEz/ZMGItPRB7Joj+MjiOQH4 root@ubuntu-bionic (ED25519)
<14>Apr 27 13:04:58 cloud-init: 2048 SHA256:veuztNK5oK2jjxM5cOeSWGP5BVZvTF6HIX2UOeqbPks root@ubuntu-bionic (RSA)
<14>Apr 27 13:04:58 cloud-init: -----END SSH HOST KEY FINGERPRINTS-----
<14>Apr 27 13:04:58 cloud-init: #############################################################
-----BEGIN SSH HOST KEY KEYS-----
ecdsa-sha2-nistp256 AAAAE2VjZHNhLXNoYTItbmlzdHAyNTYAAAAIbmlzdHAyNTYAAABBBOxdGS0u3Vx5UsmGkr0gYNAA2eHGwRtXrlXN0ytbF3Mla8GSg3d5l2jVzq//hTr33OtMwbZ8vtxzKVVPt3B+7+Q= root@ubuntu-bionic
ssh-ed25519 AAAAC3NzaC1lZDI1NTE5AAAAIEO2dwETogKcDe8TMDp3D0LI7hRGQRBRkzysXRaGkwYV root@ubuntu-bionic
ssh-rsa AAAAB3NzaC1yc2EAAAADAQABAAABAQCmKMG6Ah1gKUh8jT8TR2DhnOzjvgZ3BQo3fzaSjC+BBEi/g4kkxGHGP0QJnsKP2tnniJWAmVwzrJ7YECDTNFI5PQSnmOP5F68M3dLOxysBsip1TN6pCf3wmRjQYktEF9n206N6Dq5mMyNFYGogrCV32riyrARrcRd1et2kk36DoonxBvx44T2BlBjkeDehIetN5/+FM+/pAUI5imzm+BQ1LqjnMtKIYcmE1zeqOo195q6iaG8/0pfIx/obFfnrN7YZm/pvwZzlAQgi+p9bKhRC1HN9IHy5aeJ6yssDenizvelLPYlzM6UQ+23RyPs7qIrYnDSl8wGVxfSOc5/JuFYb root@ubuntu-bionic
-----END SSH HOST KEY KEYS-----
[   21.260209] cloud-init[1486]: Cloud-init v. 21.4-0ubuntu1~18.04.1 running 'modules:final' at Wed, 27 Apr 2022 13:04:58 +0000. Up 21.14 seconds.
[   21.260855] cloud-init[1486]: ci-info: no authorized SSH keys fingerprints found for user ubuntu.
[   21.261369] cloud-init[1486]: Cloud-init v. 21.4-0ubuntu1~18.04.1 finished at Wed, 27 Apr 2022 13:04:58 +0000. Datasource DataSourceNoCloud [seed=/dev/sdb][dsmode=net].  Up 21.25 seconds
